<?xml version="1.0" encoding="UTF-8"?>
<!-- Generated by org.testng.reporters.JUnitReportReporter -->
<testsuite skipped="0" hostname="DESKTOP-13VKMES" name="com.testngfeatures.Priority_Concept" tests="4" failures="0" timestamp="2021-09-21T14:43:54 IST" time="0.019" errors="0">
  <testcase name="setproperty" time="0.016" classname="com.testngfeatures.Priority_Concept"/>
  <system-out/>
  <testcase name="username" time="0.001" classname="com.testngfeatures.Priority_Concept"/>
  <system-out/>
  <testcase name="password" time="0.001" classname="com.testngfeatures.Priority_Concept"/>
  <system-out/>
  <testcase name="login" time="0.001" classname="com.testngfeatures.Priority_Concept"/>
  <system-out/>
</testsuite> <!-- com.testngfeatures.Priority_Concept -->
