<?xml version="1.0" encoding="UTF-8"?>
<!-- Generated by org.testng.reporters.JUnitReportReporter -->
<testsuite skipped="1" hostname="DESKTOP-13VKMES" name="com.testngfeatures.Ignore_Concept" tests="2" failures="0" timestamp="2021-09-21T14:37:37 IST" time="0.014" errors="0">
  <testcase name="mobilephones" time="0.014" classname="com.testngfeatures.Ignore_Concept"/>
  <system-out/>
  <testcase name="earphones" classname="com.testngfeatures.Ignore_Concept">
    <skipped/>
  </testcase> <!-- earphones -->
  <system-out/>
</testsuite> <!-- com.testngfeatures.Ignore_Concept -->
