<?xml version="1.0" encoding="UTF-8"?>
<!-- Generated by org.testng.reporters.JUnitReportReporter -->
<testsuite skipped="0" hostname="DESKTOP-13VKMES" name="com.testngfeatures.Parallel_Test_Concept" tests="1" failures="0" timestamp="2021-09-21T15:26:12 IST" time="0.015" errors="0">
  <testcase name="credentials" time="0.015" classname="com.testngfeatures.Parallel_Test_Concept"/>
  <system-out/>
</testsuite> <!-- com.testngfeatures.Parallel_Test_Concept -->
