<?xml version="1.0" encoding="UTF-8"?>
<!-- Generated by org.testng.reporters.JUnitReportReporter -->
<testsuite skipped="0" hostname="DESKTOP-13VKMES" name="com.testngfeatures.Groups_Of_Groups_Test" tests="5" failures="0" timestamp="2021-09-21T15:59:36 IST" time="0.010" errors="0">
  <testcase name="instagram" time="0.002" classname="com.testngfeatures.Groups_Of_Groups_Test"/>
  <system-out/>
  <testcase name="facebook" time="0.001" classname="com.testngfeatures.Groups_Of_Groups_Test"/>
  <system-out/>
  <testcase name="flipkart" time="0.001" classname="com.testngfeatures.Groups_Of_Groups_Test"/>
  <system-out/>
  <testcase name="amazon" time="0.006" classname="com.testngfeatures.Groups_Of_Groups_Test"/>
  <system-out/>
  <testcase name="whatsapp" time="0.000" classname="com.testngfeatures.Groups_Of_Groups_Test"/>
  <system-out/>
</testsuite> <!-- com.testngfeatures.Groups_Of_Groups_Test -->
