<?xml version="1.0" encoding="UTF-8"?>
<!-- Generated by org.testng.reporters.JUnitReportReporter -->
<testsuite skipped="0" hostname="DESKTOP-13VKMES" name="com.testngfeatures.Invocation_Count" tests="6" failures="0" timestamp="2021-09-21T14:54:51 IST" time="0.019" errors="0">
  <testcase name="browserlaunch" time="0.016" classname="com.testngfeatures.Invocation_Count"/>
  <system-out/>
  <testcase name="refresh" time="0.000" classname="com.testngfeatures.Invocation_Count"/>
  <system-out/>
  <testcase name="refresh" time="0.001" classname="com.testngfeatures.Invocation_Count"/>
  <system-out/>
  <testcase name="refresh" time="0.000" classname="com.testngfeatures.Invocation_Count"/>
  <system-out/>
  <testcase name="refresh" time="0.001" classname="com.testngfeatures.Invocation_Count"/>
  <system-out/>
  <testcase name="nextpage" time="0.001" classname="com.testngfeatures.Invocation_Count"/>
  <system-out/>
</testsuite> <!-- com.testngfeatures.Invocation_Count -->
