<?xml version="1.0" encoding="UTF-8"?>
<!-- Generated by org.testng.reporters.JUnitReportReporter -->
<testsuite skipped="0" hostname="DESKTOP-13VKMES" name="com.testngfeatures.Parameter_Data" tests="1" failures="0" timestamp="2021-09-21T15:19:29 IST" time="0.005" errors="0">
  <testcase name="credentials" time="0.005" classname="com.testngfeatures.Parameter_Data"/>
  <system-out/>
</testsuite> <!-- com.testngfeatures.Parameter_Data -->
