<?xml version="1.0" encoding="UTF-8"?>
<!-- Generated by org.testng.reporters.JUnitReportReporter -->
<testsuite skipped="0" hostname="DESKTOP-13VKMES" name="com.testngfeatures.Assert_Soft_Concept" tests="1" failures="0" timestamp="2021-09-21T16:05:19 IST" time="0.016" errors="0">
  <testcase name="data_Validation" time="0.016" classname="com.testngfeatures.Assert_Soft_Concept"/>
  <system-out/>
</testsuite> <!-- com.testngfeatures.Assert_Soft_Concept -->
