<?xml version="1.0" encoding="UTF-8"?>
<!-- Generated by org.testng.reporters.JUnitReportReporter -->
<testsuite skipped="0" hostname="DESKTOP-13VKMES" name="com.testngfeatures.Data_Provider" tests="4" failures="0" timestamp="2021-09-24T18:06:29 IST" time="0.009" errors="0">
  <testcase name="credentials" time="0.001" classname="com.testngfeatures.Data_Provider"/>
  <system-out/>
  <testcase name="credentials" time="0.001" classname="com.testngfeatures.Data_Provider"/>
  <system-out/>
  <testcase name="credentials" time="0.006" classname="com.testngfeatures.Data_Provider"/>
  <system-out/>
  <testcase name="credentials" time="0.001" classname="com.testngfeatures.Data_Provider"/>
  <system-out/>
</testsuite> <!-- com.testngfeatures.Data_Provider -->
