<?xml version="1.0" encoding="UTF-8"?>
<!-- Generated by org.testng.reporters.JUnitReportReporter -->
<testsuite skipped="0" hostname="DESKTOP-13VKMES" name="com.testngfeatures.Grouping_Test" tests="3" failures="0" timestamp="2021-09-21T15:48:28 IST" time="0.010" errors="0">
  <testcase name="instagram" time="0.001" classname="com.testngfeatures.Grouping_Test"/>
  <system-out/>
  <testcase name="whatsapp" time="0.001" classname="com.testngfeatures.Grouping_Test"/>
  <system-out/>
  <testcase name="facebook" time="0.008" classname="com.testngfeatures.Grouping_Test"/>
  <system-out/>
</testsuite> <!-- com.testngfeatures.Grouping_Test -->
