<?xml version="1.0" encoding="UTF-8"?>
<!-- Generated by org.testng.reporters.JUnitReportReporter -->
<testsuite skipped="0" hostname="DESKTOP-13VKMES" name="com.testngfeatures.Expected_Exceptions" tests="1" failures="0" timestamp="2021-09-21T15:08:19 IST" time="0.013" errors="0">
  <testcase name="demo" time="0.013" classname="com.testngfeatures.Expected_Exceptions"/>
  <system-out/>
</testsuite> <!-- com.testngfeatures.Expected_Exceptions -->
