<?xml version="1.0" encoding="UTF-8"?>
<!-- Generated by org.testng.reporters.JUnitReportReporter -->
<testsuite skipped="0" hostname="DESKTOP-13VKMES" name="com.testngfeatures.Simple_Annotations" tests="3" failures="0" timestamp="2021-09-21T14:29:25 IST" time="0.008" errors="0">
  <testcase name="mobilephones" time="0.001" classname="com.testngfeatures.Simple_Annotations"/>
  <system-out/>
  <testcase name="earphones" time="0.005" classname="com.testngfeatures.Simple_Annotations"/>
  <system-out/>
  <testcase name="laptop" time="0.002" classname="com.testngfeatures.Simple_Annotations"/>
  <system-out/>
</testsuite> <!-- com.testngfeatures.Simple_Annotations -->
